<?xml version="1.0" encoding="UTF-8"?>
<testsuite xmlns:xsi="http://www.w3.org/2001/XMLSchema-instance" xsi:noNamespaceSchemaLocation="https://maven.apache.org/surefire/maven-surefire-plugin/xsd/surefire-test-report-3.0.xsd" version="3.0" name="testRunners.RunTests" time="5.379" tests="1" errors="0" skipped="0" failures="1">
  <properties>
[...]
</properties>
  <testcase name="List all the Samsung phones with the User given specifications" classname="User journey for Mobile phones search" time="4.983">
    <failure type="java.lang.AssertionError"><![CDATA[java.lang.AssertionError
	at org.junit.Assert.fail(Assert.java:87)
	at org.junit.Assert.assertTrue(Assert.java:42)
	at org.junit.Assert.assertTrue(Assert.java:53)
	at steps.HomepageStepDefs.user_landed_on_the_home_page(HomepageStepDefs.java:70)
	at ✽.User landed on the HomePage(file:///C:/Users/crake/workspace/AmazonTestDemo/src/test/resources/Features/homePage.feature:12)
]]></failure>
    <system-out><![CDATA[
@smoketest
Scenario Outline: List all the Samsung phones with the User given specifications &amp#27;[90m# src/test/resources/Features/homePage.feature:19&amp#27;[0m
  &amp#27;[31mGiven &amp#27;[0m&amp#27;[31mUser landed on the HomePage&amp#27;[0m                                              &amp#27;[90m# steps.HomepageStepDefs.user_landed_on_the_home_page()&amp#27;[0m
      &amp#27;[31mjava.lang.AssertionError
	at org.junit.Assert.fail(Assert.java:87)
	at org.junit.Assert.assertTrue(Assert.java:42)
	at org.junit.Assert.assertTrue(Assert.java:53)
	at steps.HomepageStepDefs.user_landed_on_the_home_page(HomepageStepDefs.java:70)
	at ?.User landed on the HomePage(file:///C:/Users/crake/workspace/AmazonTestDemo/src/test/resources/Features/homePage.feature:12)
&amp#27;[0m
]]></system-out>
    <system-err><![CDATA[SLF4J: Failed to load class "org.slf4j.impl.StaticLoggerBinder".
SLF4J: Defaulting to no-operation (NOP) logger implementation
SLF4J: See http://www.slf4j.org/codes.html#StaticLoggerBinder for further details.
Mar 14, 2024 10:01:39 PM org.openqa.selenium.devtools.CdpVersionFinder findNearestMatch
WARNING: Unable to find CDP implementation matching 122
Mar 14, 2024 10:01:39 PM org.openqa.selenium.chromium.ChromiumDriver lambda$new$5
WARNING: Unable to find version of CDP to use for 122.0.6261.129. You may need to include a dependency on a specific version of the CDP using something similar to `org.seleniumhq.selenium:selenium-devtools-v86:4.11.0` where the version ("v86") matches the version of the chromium-based browser you're using and the version number of the artifact is the same as Selenium's.
]]></system-err>
  </testcase>
</testsuite>